<?xml version="1.0" encoding="UTF-8"?>
<robot generator="Robot 6.0.2 (Python 3.11.0 on win32)" generated="20230213 16:09:28.006" rpa="false" schemaversion="3">
<suite id="s1" name="106 Test" source="c:\Users\kklepacka\Documents\SquashAD\Test_variables_env\tests\bdd-squash\106_Test.robot">
<test id="s1-t1" name="Test" line="12">
<kw name="Test Setup" type="SETUP">
<doc>test setup
You can define the ${TEST_SETUP} variable with a keyword for setting up all your tests.
You can define the ${TEST_106_SETUP} variable with a keyword for setting up this specific test.
If both are defined, ${TEST_106_SETUP} will be run after ${TEST_SETUP}.</doc>
<kw name="Get Variable Value" library="BuiltIn">
<var>${TEST_SETUP_VALUE}</var>
<arg>${TEST_SETUP}</arg>
<doc>Returns variable value or ``default`` if the variable does not exist.</doc>
<msg timestamp="20230213 16:09:28.041" level="INFO">${TEST_SETUP_VALUE} = None</msg>
<status status="PASS" starttime="20230213 16:09:28.040" endtime="20230213 16:09:28.045"/>
</kw>
<kw name="Get Variable Value" library="BuiltIn">
<var>${TEST_106_SETUP_VALUE}</var>
<arg>${TEST_106_SETUP}</arg>
<doc>Returns variable value or ``default`` if the variable does not exist.</doc>
<msg timestamp="20230213 16:09:28.047" level="INFO">${TEST_106_SETUP_VALUE} = None</msg>
<status status="PASS" starttime="20230213 16:09:28.046" endtime="20230213 16:09:28.047"/>
</kw>
<if>
<branch type="IF" condition="$TEST_SETUP_VALUE is not None">
<kw name="Run Keyword" library="BuiltIn">
<arg>${TEST_SETUP}</arg>
<doc>Executes the given keyword with the given arguments.</doc>
<status status="NOT RUN" starttime="20230213 16:09:28.050" endtime="20230213 16:09:28.050"/>
</kw>
<status status="NOT RUN" starttime="20230213 16:09:28.047" endtime="20230213 16:09:28.050"/>
</branch>
<status status="PASS" starttime="20230213 16:09:28.047" endtime="20230213 16:09:28.050"/>
</if>
<if>
<branch type="IF" condition="$TEST_106_SETUP_VALUE is not None">
<kw name="Run Keyword" library="BuiltIn">
<arg>${TEST_106_SETUP}</arg>
<doc>Executes the given keyword with the given arguments.</doc>
<status status="NOT RUN" starttime="20230213 16:09:28.050" endtime="20230213 16:09:28.051"/>
</kw>
<status status="NOT RUN" starttime="20230213 16:09:28.050" endtime="20230213 16:09:28.051"/>
</branch>
<status status="PASS" starttime="20230213 16:09:28.050" endtime="20230213 16:09:28.051"/>
</if>
<status status="PASS" starttime="20230213 16:09:28.040" endtime="20230213 16:09:28.051"/>
</kw>
<kw name="Given test 11var" library="myKeywords">
<kw name="logto" library="myKeywords">
<arg>%{var11}</arg>
<kw name="Log To Console" library="BuiltIn">
<arg>i am alive ${arg}</arg>
<doc>Logs the given message to the console.</doc>
<status status="PASS" starttime="20230213 16:09:28.052" endtime="20230213 16:09:28.053"/>
</kw>
<status status="PASS" starttime="20230213 16:09:28.052" endtime="20230213 16:09:28.053"/>
</kw>
<status status="PASS" starttime="20230213 16:09:28.051" endtime="20230213 16:09:28.053"/>
</kw>
<kw name="Test Teardown" type="TEARDOWN">
<doc>test teardown
You can define the ${TEST_TEARDOWN} variable with a keyword for tearing down all your tests.
You can define the ${TEST_106_TEARDOWN} variable with a keyword for tearing down this specific test.
If both are defined, ${TEST_TEARDOWN} will be run after ${TEST_106_TEARDOWN}.</doc>
<kw name="Get Variable Value" library="BuiltIn">
<var>${TEST_106_TEARDOWN_VALUE}</var>
<arg>${TEST_106_TEARDOWN}</arg>
<doc>Returns variable value or ``default`` if the variable does not exist.</doc>
<msg timestamp="20230213 16:09:28.058" level="INFO">${TEST_106_TEARDOWN_VALUE} = None</msg>
<status status="PASS" starttime="20230213 16:09:28.057" endtime="20230213 16:09:28.059"/>
</kw>
<kw name="Get Variable Value" library="BuiltIn">
<var>${TEST_TEARDOWN_VALUE}</var>
<arg>${TEST_TEARDOWN}</arg>
<doc>Returns variable value or ``default`` if the variable does not exist.</doc>
<msg timestamp="20230213 16:09:28.061" level="INFO">${TEST_TEARDOWN_VALUE} = None</msg>
<status status="PASS" starttime="20230213 16:09:28.059" endtime="20230213 16:09:28.061"/>
</kw>
<if>
<branch type="IF" condition="$TEST_106_TEARDOWN_VALUE is not None">
<kw name="Run Keyword" library="BuiltIn">
<arg>${TEST_106_TEARDOWN}</arg>
<doc>Executes the given keyword with the given arguments.</doc>
<status status="NOT RUN" starttime="20230213 16:09:28.063" endtime="20230213 16:09:28.063"/>
</kw>
<status status="NOT RUN" starttime="20230213 16:09:28.062" endtime="20230213 16:09:28.063"/>
</branch>
<status status="PASS" starttime="20230213 16:09:28.062" endtime="20230213 16:09:28.063"/>
</if>
<if>
<branch type="IF" condition="$TEST_TEARDOWN_VALUE is not None">
<kw name="Run Keyword" library="BuiltIn">
<arg>${TEST_TEARDOWN}</arg>
<doc>Executes the given keyword with the given arguments.</doc>
<status status="NOT RUN" starttime="20230213 16:09:28.064" endtime="20230213 16:09:28.064"/>
</kw>
<status status="NOT RUN" starttime="20230213 16:09:28.063" endtime="20230213 16:09:28.064"/>
</branch>
<status status="PASS" starttime="20230213 16:09:28.063" endtime="20230213 16:09:28.064"/>
</if>
<status status="PASS" starttime="20230213 16:09:28.056" endtime="20230213 16:09:28.065"/>
</kw>
<doc>Test</doc>
<status status="PASS" starttime="20230213 16:09:28.037" endtime="20230213 16:09:28.065"/>
</test>
<doc>Test</doc>
<meta name="Automation priority">null</meta>
<meta name="ID">106</meta>
<meta name="Test case importance">Low</meta>
<status status="PASS" starttime="20230213 16:09:28.011" endtime="20230213 16:09:28.067"/>
</suite>
<statistics>
<total>
<stat pass="1" fail="0" skip="0">All Tests</stat>
</total>
<tag>
</tag>
<suite>
<stat pass="1" fail="0" skip="0" id="s1" name="106 Test">106 Test</stat>
</suite>
</statistics>
<errors>
</errors>
</robot>
