<?xml version="1.0" encoding="UTF-8"?>
<robot generator="Robot 6.0.2 (Python 3.11.0 on win32)" generated="20230213 11:29:23.251" rpa="false" schemaversion="3">
<suite id="s1" name="106 Test" source="c:\Users\kklepacka\Documents\SquashAD\Test_variables_env\tests\bdd-squash\106_Test.robot">
<test id="s1-t1" name="Test" line="10">
<kw name="Given test" library="myKeywords">
<kw name="logto" library="myKeywords">
<arg>%{Simple}</arg>
<kw name="Log To Console" library="BuiltIn">
<arg>i am alive ${arg}</arg>
<doc>Logs the given message to the console.</doc>
<status status="PASS" starttime="20230213 11:29:23.281" endtime="20230213 11:29:23.282"/>
</kw>
<status status="PASS" starttime="20230213 11:29:23.281" endtime="20230213 11:29:23.282"/>
</kw>
<status status="PASS" starttime="20230213 11:29:23.280" endtime="20230213 11:29:23.282"/>
</kw>
<doc>Test</doc>
<status status="PASS" starttime="20230213 11:29:23.280" endtime="20230213 11:29:23.283"/>
</test>
<doc>Test</doc>
<meta name="Automation priority">null</meta>
<meta name="ID">106</meta>
<meta name="Test case importance">Low</meta>
<status status="PASS" starttime="20230213 11:29:23.258" endtime="20230213 11:29:23.285"/>
</suite>
<statistics>
<total>
<stat pass="1" fail="0" skip="0">All Tests</stat>
</total>
<tag>
</tag>
<suite>
<stat pass="1" fail="0" skip="0" id="s1" name="106 Test">106 Test</stat>
</suite>
</statistics>
<errors>
</errors>
</robot>
